#
# There is insufficient memory for the Java Runtime Environment to continue.
# Native memory allocation (mmap) failed to map 33554432 bytes for G1 virtual space
# Possible reasons:
#   The system is out of physical RAM or swap space
#   The process is running with CompressedOops enabled, and the Java Heap may be blocking the growth of the native heap
# Possible solutions:
#   Reduce memory load on the system
#   Increase physical memory or swap space
#   Check if swap backing store is full
#   Decrease Java heap size (-Xmx/-Xms)
#   Decrease number of Java threads
#   Decrease Java thread stack sizes (-Xss)
#   Set larger code cache with -XX:ReservedCodeCacheSize=
#   JVM is running with Zero Based Compressed Oops mode in which the Java heap is
#     placed in the first 32GB address space. The Java Heap base address is the
#     maximum limit for the native heap growth. Please use -XX:HeapBaseMinAddress
#     to set the Java Heap base and to place the Java Heap above 32GB virtual address.
# This output file may be truncated or incomplete.
#
#  Out of Memory Error (./open/src/hotspot/os/windows/os_windows.cpp:3472), pid=32352, tid=23512
#
# JRE version: Java(TM) SE Runtime Environment (15.0.1+9) (build 15.0.1+9-18)
# Java VM: Java HotSpot(TM) 64-Bit Server VM (15.0.1+9-18, mixed mode, sharing, tiered, compressed oops, g1 gc, windows-amd64)
# No core dump will be written. Minidumps are not enabled by default on client versions of Windows
#

---------------  S U M M A R Y ------------

Command Line: -Dmaven.multiModuleProjectDirectory=D:\cast_healthy\health_mobile -DarchetypeCatalog=internal -Dmaven.home=E:\soft\apache-maven-3.6.3 -Dclassworlds.conf=E:\soft\apache-maven-3.6.3\bin\m2.conf -Dmaven.ext.class.path=D:\Program Files\IDEA\IntelliJ IDEA 2020.1\plugins\maven\lib\maven-event-listener.jar -javaagent:D:\Program Files\IDEA\IntelliJ IDEA 2020.1\lib\idea_rt.jar=54276:D:\Program Files\IDEA\IntelliJ IDEA 2020.1\bin -Dfile.encoding=UTF-8 org.codehaus.classworlds.Launcher -Didea.version2020.1 -s E:\maven\settings.xml -Dmaven.repo.local=E:\下载\软件\4.阶段四-传智健康\day01\资源\repository_boot tomcat7:run

Host: Intel(R) Core(TM) i7-10750H CPU @ 2.60GHz, 12 cores, 15G,  Windows 10 , 64 bit Build 19041 (10.0.19041.1348)
Time: Tue Nov 23 19:48:36 2021 中国标准时间 elapsed time: 4.295621 seconds (0d 0h 0m 4s)

---------------  T H R E A D  ---------------

Current thread (0x000001ab2402d9d0):  VMThread "VM Thread" [stack: 0x0000003801b00000,0x0000003801c00000] [id=23512]

Stack: [0x0000003801b00000,0x0000003801c00000]
[error occurred during error reporting (printing stack bounds), id 0xc0000005, EXCEPTION_ACCESS_VIOLATION (0xc0000005) at pc=0x000001ab081610ad]

Native frames: (J=compiled Java code, j=interpreted, Vv=VM code, C=native code)
V  [jvm.dll+0x62ae9a]
V  [jvm.dll+0x781389]
V  [jvm.dll+0x782ae3]
V  [jvm.dll+0x7830a5]
V  [jvm.dll+0x78305b]
V  [jvm.dll+0x62a2b9]
V  [jvm.dll+0x62aa88]
C  [ntdll.dll+0xa20cf]
C  [ntdll.dll+0x51454]
C  [ntdll.dll+0xa0bfe]
C  0x000001ab081610ad

VM_Operation (0x00000038033fe6b0): G1CollectForAllocation, mode: safepoint, requested by thread 0x000001ab25acdb10


---------------  P R O C E S S  ---------------

Threads class SMR info:
_java_thread_list=0x000001ab278d6480, length=16, elements={
0x000001ab7fd5d3d0, 0x000001ab248331c0, 0x000001ab2402e030, 0x000001ab24853020,
0x000001ab248558f0, 0x000001ab248571c0, 0x000001ab24857f60, 0x000001ab2485bf10,
0x000001ab24864920, 0x000001ab249686c0, 0x000001ab24a8e8c0, 0x000001ab24a4b360,
0x000001ab24a4b830, 0x000001ab259b2560, 0x000001ab254a1200, 0x000001ab25acdb10
}

Java Threads: ( => current thread )
  0x000001ab7fd5d3d0 JavaThread "main" [_thread_blocked, id=7636, stack(0x0000003801500000,0x0000003801600000)]
  0x000001ab248331c0 JavaThread "Reference Handler" daemon [_thread_blocked, id=13660, stack(0x0000003801c00000,0x0000003801d00000)]
  0x000001ab2402e030 JavaThread "Finalizer" daemon [_thread_blocked, id=28068, stack(0x0000003801d00000,0x0000003801e00000)]
  0x000001ab24853020 JavaThread "Signal Dispatcher" daemon [_thread_blocked, id=23572, stack(0x0000003801e00000,0x0000003801f00000)]
  0x000001ab248558f0 JavaThread "Attach Listener" daemon [_thread_blocked, id=22656, stack(0x0000003801f00000,0x0000003802000000)]
  0x000001ab248571c0 JavaThread "Service Thread" daemon [_thread_blocked, id=24520, stack(0x0000003802000000,0x0000003802100000)]
  0x000001ab24857f60 JavaThread "C2 CompilerThread0" daemon [_thread_blocked, id=32656, stack(0x0000003802100000,0x0000003802200000)]
  0x000001ab2485bf10 JavaThread "C1 CompilerThread0" daemon [_thread_blocked, id=30512, stack(0x0000003802200000,0x0000003802300000)]
  0x000001ab24864920 JavaThread "Sweeper thread" daemon [_thread_blocked, id=18700, stack(0x0000003802300000,0x0000003802400000)]
  0x000001ab249686c0 JavaThread "Common-Cleaner" daemon [_thread_blocked, id=23468, stack(0x0000003802400000,0x0000003802500000)]
  0x000001ab24a8e8c0 JavaThread "C2 CompilerThread1" daemon [_thread_in_native, id=4864, stack(0x0000003802500000,0x0000003802600000)]
  0x000001ab24a4b360 JavaThread "Monitor Ctrl-Break" daemon [_thread_in_native, id=20564, stack(0x0000003802700000,0x0000003802800000)]
  0x000001ab24a4b830 JavaThread "Notification Thread" daemon [_thread_blocked, id=9264, stack(0x0000003802800000,0x0000003802900000)]
  0x000001ab259b2560 JavaThread "C2 CompilerThread2" daemon [_thread_blocked, id=8140, stack(0x0000003802a00000,0x0000003802b00000)]
  0x000001ab254a1200 JavaThread "Tomcat-startStop-1" daemon [_thread_blocked, id=868, stack(0x0000003803200000,0x0000003803300000)]
  0x000001ab25acdb10 JavaThread "localhost-startStop-1" daemon [_thread_blocked, id=13364, stack(0x0000003803300000,0x0000003803400000)]

Other Threads:
=>0x000001ab2402d9d0 VMThread "VM Thread" [stack: 0x0000003801b00000,0x0000003801c00000] [id=23512]
  0x000001ab24a4bd00 WatcherThread [stack: 0x0000003802900000,0x0000003802a00000] [id=9880]
  0x000001ab7fdadf30 GCTaskThread "GC Thread#0" [stack: 0x0000003801600000,0x0000003801700000] [id=1236]
  0x000001ab254b45f0 GCTaskThread "GC Thread#1" [stack: 0x0000003802b00000,0x0000003802c00000] [id=15860]
  0x000001ab254b62a0 GCTaskThread "GC Thread#2" [stack: 0x0000003802c00000,0x0000003802d00000] [id=26616]
  0x000001ab254b4f80 GCTaskThread "GC Thread#3" [stack: 0x0000003802d00000,0x0000003802e00000] [id=16844]
  0x000001ab254b52b0 GCTaskThread "GC Thread#4" [stack: 0x0000003802e00000,0x0000003802f00000] [id=26104]
  0x000001ab254b5910 GCTaskThread "GC Thread#5" [stack: 0x0000003802f00000,0x0000003803000000] [id=19188]
  0x000001ab7fdbfea0 ConcurrentGCThread "G1 Main Marker" [stack: 0x0000003801700000,0x0000003801800000] [id=16792]
  0x000001ab7fdc11c0 ConcurrentGCThread "G1 Conc#0" [stack: 0x0000003801800000,0x0000003801900000] [id=34800]
  0x000001ab254b2c70 ConcurrentGCThread "G1 Conc#1" [stack: 0x0000003803000000,0x0000003803100000] [id=5692]
  0x000001ab254b2fa0 ConcurrentGCThread "G1 Conc#2" [stack: 0x0000003803100000,0x0000003803200000] [id=2808]
  0x000001ab7fe1fac0 ConcurrentGCThread "G1 Refine#0" [stack: 0x0000003801900000,0x0000003801a00000] [id=29760]
  0x000001ab7fe205d0 ConcurrentGCThread "G1 Young RemSet Sampling" [stack: 0x0000003801a00000,0x0000003801b00000] [id=1496]

Threads with active compile tasks:
C2 CompilerThread0     4313 5460       4       java.net.URLStreamHandler::parseURL (1201 bytes)
C2 CompilerThread1     4313 5494   !   4       org.apache.catalina.startup.ContextConfig::populateJavaClassCache (159 bytes)
C2 CompilerThread2     4313 5454       4       org.apache.catalina.startup.ContextConfig::populateJavaClassCache (79 bytes)

VM state: at safepoint (normal execution)

VM Mutex/Monitor currently owned by a thread:  ([mutex/lock_event])
[0x000001ab7fd59080] Threads_lock - owner thread: 0x000001ab2402d9d0
[0x000001ab7fd598f0] Heap_lock - owner thread: 0x000001ab25acdb10

Heap address: 0x0000000702800000, size: 4056 MB, Compressed Oops mode: Zero based, Oop shift amount: 3
CDS archive(s) mapped at: [0x0000000800000000-0x0000000800b50000-0x0000000800b50000), size 11862016, SharedBaseAddress: 0x0000000800000000, ArchiveRelocationMode: 0.
Compressed class space mapped at: 0x0000000800b50000-0x0000000840b50000, size: 1073741824
Narrow klass base: 0x0000000800000000, Narrow klass shift: 3, Narrow klass range: 0x100000000

GC Precious Log:
 CPUs: 12 total, 12 available
 Memory: 16222M
 Large Page Support: Disabled
 NUMA Support: Disabled
 Compressed Oops: Enabled (Zero based)
 Heap Region Size: 2M
 Heap Min Capacity: 8M
 Heap Initial Capacity: 254M
 Heap Max Capacity: 4056M
 Pre-touch: Disabled
 Parallel Workers: 10
 Concurrent Workers: 3
 Concurrent Refinement Workers: 10
 Periodic GC: Disabled

Heap:
 garbage-first heap   total 194560K, used 33761K [0x0000000702800000, 0x0000000800000000)
  region size 2048K, 4 young (8192K), 4 survivors (8192K)
 Metaspace       used 24150K, capacity 24839K, committed 25008K, reserved 1071104K
  class space    used 2557K, capacity 2762K, committed 2816K, reserved 1048576K

Heap Regions: E=young(eden), S=young(survivor), O=old, HS=humongous(starts), HC=humongous(continues), CS=collection set, F=free, OA=open archive, CA=closed archive, TAMS=top-at-mark-start (previous, next)
|   0|0x0000000702800000, 0x0000000702a00000, 0x0000000702a00000|100%| O|  |TAMS 0x0000000702a00000, 0x0000000702800000| Untracked 
|   1|0x0000000702a00000, 0x0000000702bb2800, 0x0000000702c00000| 84%| O|  |TAMS 0x0000000702bb2800, 0x0000000702a00000| Untracked 
|   2|0x0000000702c00000, 0x0000000702e00000, 0x0000000702e00000|100%| O|  |TAMS 0x0000000702c00000, 0x0000000702c00000| Untracked 
|   3|0x0000000702e00000, 0x0000000703000000, 0x0000000703000000|100%| O|  |TAMS 0x0000000702e00000, 0x0000000702e00000| Untracked 
|   4|0x0000000703000000, 0x0000000703200000, 0x0000000703200000|100%| O|  |TAMS 0x0000000703000000, 0x0000000703000000| Untracked 
|   5|0x0000000703200000, 0x0000000703400000, 0x0000000703400000|100%| O|  |TAMS 0x0000000703200000, 0x0000000703200000| Untracked 
|   6|0x0000000703400000, 0x0000000703600000, 0x0000000703600000|100%| O|  |TAMS 0x0000000703400000, 0x0000000703400000| Untracked 
|   7|0x0000000703600000, 0x0000000703800000, 0x0000000703800000|100%| O|  |TAMS 0x0000000703600000, 0x0000000703600000| Untracked 
|   8|0x0000000703800000, 0x0000000703a00000, 0x0000000703a00000|100%| O|  |TAMS 0x0000000703800000, 0x0000000703800000| Untracked 
|   9|0x0000000703a00000, 0x0000000703c00000, 0x0000000703c00000|100%| O|  |TAMS 0x0000000703a00000, 0x0000000703a00000| Untracked 
|  10|0x0000000703c00000, 0x0000000703dc6600, 0x0000000703e00000| 88%| O|  |TAMS 0x0000000703c00000, 0x0000000703c00000| Untracked 
|  11|0x0000000703e00000, 0x0000000703e00000, 0x0000000704000000|  0%| F|  |TAMS 0x0000000703e00000, 0x0000000703e00000| Untracked 
|  12|0x0000000704000000, 0x0000000704200000, 0x0000000704200000|100%| O|  |TAMS 0x0000000704000000, 0x0000000704000000| Untracked 
|  13|0x0000000704200000, 0x0000000704400000, 0x0000000704400000|100%| O|  |TAMS 0x0000000704200000, 0x0000000704200000| Untracked 
|  14|0x0000000704400000, 0x0000000704400000, 0x0000000704600000|  0%| F|  |TAMS 0x0000000704400000, 0x0000000704400000| Untracked 
|  15|0x0000000704600000, 0x0000000704600000, 0x0000000704800000|  0%| F|  |TAMS 0x0000000704600000, 0x0000000704600000| Untracked 
|  16|0x0000000704800000, 0x0000000704800000, 0x0000000704a00000|  0%| F|  |TAMS 0x0000000704800000, 0x0000000704800000| Untracked 
|  17|0x0000000704a00000, 0x0000000704a00000, 0x0000000704c00000|  0%| F|  |TAMS 0x0000000704a00000, 0x0000000704a00000| Untracked 
|  18|0x0000000704c00000, 0x0000000704c00000, 0x0000000704e00000|  0%| F|  |TAMS 0x0000000704c00000, 0x0000000704c00000| Untracked 
|  19|0x0000000704e00000, 0x0000000704e00000, 0x0000000705000000|  0%| F|  |TAMS 0x0000000704e00000, 0x0000000704e00000| Untracked 
|  20|0x0000000705000000, 0x0000000705000000, 0x0000000705200000|  0%| F|  |TAMS 0x0000000705000000, 0x0000000705000000| Untracked 
|  21|0x0000000705200000, 0x0000000705200000, 0x0000000705400000|  0%| F|  |TAMS 0x0000000705200000, 0x0000000705200000| Untracked 
|  22|0x0000000705400000, 0x0000000705400000, 0x0000000705600000|  0%| F|  |TAMS 0x0000000705400000, 0x0000000705400000| Untracked 
|  23|0x0000000705600000, 0x0000000705600000, 0x0000000705800000|  0%| F|  |TAMS 0x0000000705600000, 0x0000000705600000| Untracked 
|  24|0x0000000705800000, 0x0000000705800000, 0x0000000705a00000|  0%| F|  |TAMS 0x0000000705800000, 0x0000000705800000| Untracked 
|  25|0x0000000705a00000, 0x0000000705a00000, 0x0000000705c00000|  0%| F|  |TAMS 0x0000000705a00000, 0x0000000705a00000| Untracked 
|  26|0x0000000705c00000, 0x0000000705c00000, 0x0000000705e00000|  0%| F|  |TAMS 0x0000000705c00000, 0x0000000705c00000| Untracked 
|  27|0x0000000705e00000, 0x0000000705e00000, 0x0000000706000000|  0%| F|  |TAMS 0x0000000705e00000, 0x0000000705e00000| Untracked 
|  28|0x0000000706000000, 0x000000070617f720, 0x0000000706200000| 74%| S|CS|TAMS 0x0000000706000000, 0x0000000706000000| Complete 
|  29|0x0000000706200000, 0x0000000706400000, 0x0000000706400000|100%| S|CS|TAMS 0x0000000706200000, 0x0000000706200000| Complete 
|  30|0x0000000706400000, 0x0000000706600000, 0x0000000706600000|100%| S|CS|TAMS 0x0000000706400000, 0x0000000706400000| Complete 
|  31|0x0000000706600000, 0x0000000706600000, 0x0000000706800000|  0%| F|  |TAMS 0x0000000706600000, 0x0000000706600000| Untracked 
|  32|0x0000000706800000, 0x0000000706800000, 0x0000000706a00000|  0%| F|  |TAMS 0x0000000706800000, 0x0000000706800000| Untracked 
|  33|0x0000000706a00000, 0x0000000706a00000, 0x0000000706c00000|  0%| F|  |TAMS 0x0000000706a00000, 0x0000000706a00000| Untracked 
|  34|0x0000000706c00000, 0x0000000706e00000, 0x0000000706e00000|100%| S|CS|TAMS 0x0000000706c00000, 0x0000000706c00000| Complete 
|  35|0x0000000706e00000, 0x0000000706e00000, 0x0000000707000000|  0%| F|  |TAMS 0x0000000706e00000, 0x0000000706e00000| Untracked 
|  36|0x0000000707000000, 0x0000000707000000, 0x0000000707200000|  0%| F|  |TAMS 0x0000000707000000, 0x0000000707000000| Untracked 
|  37|0x0000000707200000, 0x0000000707200000, 0x0000000707400000|  0%| F|  |TAMS 0x0000000707200000, 0x0000000707200000| Untracked 
|  38|0x0000000707400000, 0x0000000707400000, 0x0000000707600000|  0%| F|  |TAMS 0x0000000707400000, 0x0000000707400000| Untracked 
|  39|0x0000000707600000, 0x0000000707600000, 0x0000000707800000|  0%| F|  |TAMS 0x0000000707600000, 0x0000000707600000| Untracked 
|  40|0x0000000707800000, 0x0000000707800000, 0x0000000707a00000|  0%| F|  |TAMS 0x0000000707800000, 0x0000000707800000| Untracked 
|  41|0x0000000707a00000, 0x0000000707a00000, 0x0000000707c00000|  0%| F|  |TAMS 0x0000000707a00000, 0x0000000707a00000| Untracked 
|  42|0x0000000707c00000, 0x0000000707c00000, 0x0000000707e00000|  0%| F|  |TAMS 0x0000000707c00000, 0x0000000707c00000| Untracked 
|  43|0x0000000707e00000, 0x0000000707e00000, 0x0000000708000000|  0%| F|  |TAMS 0x0000000707e00000, 0x0000000707e00000| Untracked 
|  44|0x0000000708000000, 0x0000000708000000, 0x0000000708200000|  0%| F|  |TAMS 0x0000000708000000, 0x0000000708000000| Untracked 
|  45|0x0000000708200000, 0x0000000708200000, 0x0000000708400000|  0%| F|  |TAMS 0x0000000708200000, 0x0000000708200000| Untracked 
|  46|0x0000000708400000, 0x0000000708400000, 0x0000000708600000|  0%| F|  |TAMS 0x0000000708400000, 0x0000000708400000| Untracked 
|  47|0x0000000708600000, 0x0000000708600000, 0x0000000708800000|  0%| F|  |TAMS 0x0000000708600000, 0x0000000708600000| Untracked 
|  48|0x0000000708800000, 0x0000000708800000, 0x0000000708a00000|  0%| F|  |TAMS 0x0000000708800000, 0x0000000708800000| Untracked 
|  49|0x0000000708a00000, 0x0000000708a00000, 0x0000000708c00000|  0%| F|  |TAMS 0x0000000708a00000, 0x0000000708a00000| Untracked 
|  50|0x0000000708c00000, 0x0000000708c00000, 0x0000000708e00000|  0%| F|  |TAMS 0x0000000708c00000, 0x0000000708c00000| Untracked 
|  51|0x0000000708e00000, 0x0000000708e00000, 0x0000000709000000|  0%| F|  |TAMS 0x0000000708e00000, 0x0000000708e00000| Untracked 
|  52|0x0000000709000000, 0x0000000709000000, 0x0000000709200000|  0%| F|  |TAMS 0x0000000709000000, 0x0000000709000000| Untracked 
|  53|0x0000000709200000, 0x0000000709200000, 0x0000000709400000|  0%| F|  |TAMS 0x0000000709200000, 0x0000000709200000| Untracked 
|  54|0x0000000709400000, 0x0000000709400000, 0x0000000709600000|  0%| F|  |TAMS 0x0000000709400000, 0x0000000709400000| Untracked 
|  55|0x0000000709600000, 0x0000000709600000, 0x0000000709800000|  0%| F|  |TAMS 0x0000000709600000, 0x0000000709600000| Untracked 
|  56|0x0000000709800000, 0x0000000709800000, 0x0000000709a00000|  0%| F|  |TAMS 0x0000000709800000, 0x0000000709800000| Untracked 
|  57|0x0000000709a00000, 0x0000000709a00000, 0x0000000709c00000|  0%| F|  |TAMS 0x0000000709a00000, 0x0000000709a00000| Untracked 
|  58|0x0000000709c00000, 0x0000000709c00000, 0x0000000709e00000|  0%| F|  |TAMS 0x0000000709c00000, 0x0000000709c00000| Untracked 
|  59|0x0000000709e00000, 0x0000000709e00000, 0x000000070a000000|  0%| F|  |TAMS 0x0000000709e00000, 0x0000000709e00000| Untracked 
|  60|0x000000070a000000, 0x000000070a000000, 0x000000070a200000|  0%| F|  |TAMS 0x000000070a000000, 0x000000070a000000| Untracked 
|  61|0x000000070a200000, 0x000000070a200000, 0x000000070a400000|  0%| F|  |TAMS 0x000000070a200000, 0x000000070a200000| Untracked 
|  62|0x000000070a400000, 0x000000070a400000, 0x000000070a600000|  0%| F|  |TAMS 0x000000070a400000, 0x000000070a400000| Untracked 
|  63|0x000000070a600000, 0x000000070a600000, 0x000000070a800000|  0%| F|  |TAMS 0x000000070a600000, 0x000000070a600000| Untracked 
|  64|0x000000070a800000, 0x000000070a800000, 0x000000070aa00000|  0%| F|  |TAMS 0x000000070a800000, 0x000000070a800000| Untracked 
|  65|0x000000070aa00000, 0x000000070aa00000, 0x000000070ac00000|  0%| F|  |TAMS 0x000000070aa00000, 0x000000070aa00000| Untracked 
|  66|0x000000070ac00000, 0x000000070ac00000, 0x000000070ae00000|  0%| F|  |TAMS 0x000000070ac00000, 0x000000070ac00000| Untracked 
|  67|0x000000070ae00000, 0x000000070ae00000, 0x000000070b000000|  0%| F|  |TAMS 0x000000070ae00000, 0x000000070ae00000| Untracked 
|  68|0x000000070b000000, 0x000000070b000000, 0x000000070b200000|  0%| F|  |TAMS 0x000000070b000000, 0x000000070b000000| Untracked 
|  69|0x000000070b200000, 0x000000070b200000, 0x000000070b400000|  0%| F|  |TAMS 0x000000070b200000, 0x000000070b200000| Untracked 
|  70|0x000000070b400000, 0x000000070b400000, 0x000000070b600000|  0%| F|  |TAMS 0x000000070b400000, 0x000000070b400000| Untracked 
|  71|0x000000070b600000, 0x000000070b600000, 0x000000070b800000|  0%| F|  |TAMS 0x000000070b600000, 0x000000070b600000| Untracked 
| 112|0x0000000710800000, 0x0000000710800000, 0x0000000710a00000|  0%| F|  |TAMS 0x0000000710800000, 0x0000000710800000| Untracked 
| 113|0x0000000710a00000, 0x0000000710a00000, 0x0000000710c00000|  0%| F|  |TAMS 0x0000000710a00000, 0x0000000710a00000| Untracked 
| 114|0x0000000710c00000, 0x0000000710c00000, 0x0000000710e00000|  0%| F|  |TAMS 0x0000000710c00000, 0x0000000710c00000| Untracked 
| 115|0x0000000710e00000, 0x0000000710e00000, 0x0000000711000000|  0%| F|  |TAMS 0x0000000710e00000, 0x0000000710e00000| Untracked 
| 116|0x0000000711000000, 0x0000000711000000, 0x0000000711200000|  0%| F|  |TAMS 0x0000000711000000, 0x0000000711000000| Untracked 
| 117|0x0000000711200000, 0x0000000711200000, 0x0000000711400000|  0%| F|  |TAMS 0x0000000711200000, 0x0000000711200000| Untracked 
| 126|0x0000000712400000, 0x0000000712400000, 0x0000000712600000|  0%| F|  |TAMS 0x0000000712400000, 0x0000000712400000| Untracked 

Card table byte_map: [0x000001ab184e0000,0x000001ab18cd0000] _byte_map_base: 0x000001ab14ccc000

Marking Bits (Prev, Next): (CMBitMap*) 0x000001ab7fdaf700, (CMBitMap*) 0x000001ab7fdaf6c0
 Prev Bits: [0x000001ab1d420000, 0x000001ab21380000)
 Next Bits: [0x000001ab194c0000, 0x000001ab1d420000)

Polling page: 0x000001ab7e330000

Metaspace:

Usage:
  Non-class:     21.56 MB capacity,    21.09 MB ( 98%) used,   451.88 KB (  2%) free+waste,    31.69 KB ( <1%) overhead. 
      Class:      2.70 MB capacity,     2.50 MB ( 93%) used,   191.88 KB (  7%) free+waste,    12.62 KB ( <1%) overhead. 
       Both:     24.26 MB capacity,    23.58 MB ( 97%) used,   643.76 KB (  3%) free+waste,    44.31 KB ( <1%) overhead. 

Virtual space:
  Non-class space:       22.00 MB reserved,      21.67 MB ( 99%) committed 
      Class space:        1.00 GB reserved,       2.75 MB ( <1%) committed 
             Both:        1.02 GB reserved,      24.42 MB (  2%) committed 

Chunk freelists:
   Non-Class:  51.00 KB
       Class:  22.00 KB
        Both:  73.00 KB

MaxMetaspaceSize: 17179869184.00 GB
CompressedClassSpaceSize: 1.00 GB

CodeHeap 'non-profiled nmethods': size=120000Kb used=3455Kb max_used=3455Kb free=116545Kb
 bounds [0x000001ab0fc30000, 0x000001ab0ff90000, 0x000001ab17160000]
CodeHeap 'profiled nmethods': size=120000Kb used=9701Kb max_used=9777Kb free=110298Kb
 bounds [0x000001ab08700000, 0x000001ab090b0000, 0x000001ab0fc30000]
CodeHeap 'non-nmethods': size=5760Kb used=1291Kb max_used=1324Kb free=4468Kb
 bounds [0x000001ab08160000, 0x000001ab083d0000, 0x000001ab08700000]
 total_blobs=5238 nmethods=4717 adapters=431
 compilation: enabled
              stopped_count=0, restarted_count=0
 full_count=0

Compilation events (20 events):
Event: 4.223 Thread 0x000001ab2485bf10 5530       1       org.apache.catalina.deploy.SessionConfig::getCookieHttpOnly (5 bytes)
Event: 4.223 Thread 0x000001ab2485bf10 nmethod 5530 0x000001ab0ff8ea10 code [0x000001ab0ff8eba0, 0x000001ab0ff8ec58]
Event: 4.223 Thread 0x000001ab2485bf10 5531       1       org.apache.catalina.deploy.SessionConfig::getCookieSecure (5 bytes)
Event: 4.223 Thread 0x000001ab2485bf10 nmethod 5531 0x000001ab0ff8ed10 code [0x000001ab0ff8eea0, 0x000001ab0ff8ef58]
Event: 4.223 Thread 0x000001ab2485bf10 5532       1       org.apache.catalina.deploy.SessionConfig::getCookieMaxAge (5 bytes)
Event: 4.223 Thread 0x000001ab2485bf10 nmethod 5532 0x000001ab0ff8f010 code [0x000001ab0ff8f1a0, 0x000001ab0ff8f258]
Event: 4.223 Thread 0x000001ab2485bf10 5533       1       org.apache.catalina.deploy.WebXml::getTaglibs (5 bytes)
Event: 4.223 Thread 0x000001ab2485bf10 nmethod 5533 0x000001ab0ff8f310 code [0x000001ab0ff8f4a0, 0x000001ab0ff8f558]
Event: 4.223 Thread 0x000001ab2485bf10 5534       1       org.apache.catalina.deploy.WebXml::getPostConstructMethods (5 bytes)
Event: 4.223 Thread 0x000001ab2485bf10 nmethod 5534 0x000001ab0ff8f610 code [0x000001ab0ff8f7a0, 0x000001ab0ff8f858]
Event: 4.223 Thread 0x000001ab2485bf10 5535       1       org.apache.catalina.deploy.WebXml::getPreDestroyMethods (5 bytes)
Event: 4.223 Thread 0x000001ab2485bf10 nmethod 5535 0x000001ab0ff8f910 code [0x000001ab0ff8faa0, 0x000001ab0ff8fb58]
Event: 4.227 Thread 0x000001ab2485bf10 5536       3       java.net.URI$Parser::parse (243 bytes)
Event: 4.229 Thread 0x000001ab2485bf10 nmethod 5536 0x000001ab08ad1990 code [0x000001ab08ad1e20, 0x000001ab08ad3c38]
Event: 4.229 Thread 0x000001ab2485bf10 5537       3       java.net.URI$Parser::checkChar (14 bytes)
Event: 4.229 Thread 0x000001ab2485bf10 nmethod 5537 0x000001ab08b4df10 code [0x000001ab08b4e0c0, 0x000001ab08b4e208]
Event: 4.255 Thread 0x000001ab2485bf10 5538       3       org.apache.tomcat.util.bcel.classfile.AnnotationEntry::getAnnotationType (21 bytes)
Event: 4.255 Thread 0x000001ab2485bf10 nmethod 5538 0x000001ab08b4da10 code [0x000001ab08b4dbc0, 0x000001ab08b4de28]
Event: 4.273 Thread 0x000001ab2485bf10 5540   !   3       org.apache.catalina.startup.ContextConfig::checkHandlesTypes (453 bytes)
Event: 4.274 Thread 0x000001ab2485bf10 nmethod 5540 0x000001ab08accd90 code [0x000001ab08acd320, 0x000001ab08ad0958]

GC Heap History (20 events):
Event: 0.688 GC heap after
{Heap after GC invocations=2 (full 0):
 garbage-first heap   total 260096K, used 5593K [0x0000000702800000, 0x0000000800000000)
  region size 2048K, 1 young (2048K), 1 survivors (2048K)
 Metaspace       used 10004K, capacity 11434K, committed 11648K, reserved 1058816K
  class space    used 1175K, capacity 1357K, committed 1408K, reserved 1048576K
}
Event: 2.646 GC heap before
{Heap before GC invocations=2 (full 0):
 garbage-first heap   total 260096K, used 159193K [0x0000000702800000, 0x0000000800000000)
  region size 2048K, 76 young (155648K), 1 survivors (2048K)
 Metaspace       used 16993K, capacity 17430K, committed 17536K, reserved 1064960K
  class space    used 1762K, capacity 1913K, committed 1920K, reserved 1048576K
}
Event: 2.651 GC heap after
{Heap after GC invocations=3 (full 0):
 garbage-first heap   total 260096K, used 13292K [0x0000000702800000, 0x0000000800000000)
  region size 2048K, 5 young (10240K), 5 survivors (10240K)
 Metaspace       used 16993K, capacity 17430K, committed 17536K, reserved 1064960K
  class space    used 1762K, capacity 1913K, committed 1920K, reserved 1048576K
}
Event: 2.807 GC heap before
{Heap before GC invocations=3 (full 0):
 garbage-first heap   total 260096K, used 29676K [0x0000000702800000, 0x0000000800000000)
  region size 2048K, 14 young (28672K), 5 survivors (10240K)
 Metaspace       used 20646K, capacity 21172K, committed 21296K, reserved 1069056K
  class space    used 2208K, capacity 2374K, committed 2432K, reserved 1048576K
}
Event: 2.812 GC heap after
{Heap after GC invocations=4 (full 0):
 garbage-first heap   total 260096K, used 14712K [0x0000000702800000, 0x0000000800000000)
  region size 2048K, 6 young (12288K), 6 survivors (12288K)
 Metaspace       used 20646K, capacity 21172K, committed 21296K, reserved 1069056K
  class space    used 2208K, capacity 2374K, committed 2432K, reserved 1048576K
}
Event: 3.055 GC heap before
{Heap before GC invocations=5 (full 0):
 garbage-first heap   total 61440K, used 39288K [0x0000000702800000, 0x0000000800000000)
  region size 2048K, 18 young (36864K), 6 survivors (12288K)
 Metaspace       used 23643K, capacity 24247K, committed 24496K, reserved 1071104K
  class space    used 2510K, capacity 2694K, committed 2816K, reserved 1048576K
}
Event: 3.064 GC heap after
{Heap after GC invocations=6 (full 0):
 garbage-first heap   total 61440K, used 20333K [0x0000000702800000, 0x0000000800000000)
  region size 2048K, 3 young (6144K), 3 survivors (6144K)
 Metaspace       used 23643K, capacity 24247K, committed 24496K, reserved 1071104K
  class space    used 2510K, capacity 2694K, committed 2816K, reserved 1048576K
}
Event: 3.154 GC heap before
{Heap before GC invocations=6 (full 0):
 garbage-first heap   total 61440K, used 38765K [0x0000000702800000, 0x0000000800000000)
  region size 2048K, 13 young (26624K), 3 survivors (6144K)
 Metaspace       used 24050K, capacity 24703K, committed 25008K, reserved 1071104K
  class space    used 2552K, capacity 2758K, committed 2816K, reserved 1048576K
}
Event: 3.158 GC heap after
{Heap after GC invocations=7 (full 0):
 garbage-first heap   total 61440K, used 24409K [0x0000000702800000, 0x0000000800000000)
  region size 2048K, 2 young (4096K), 2 survivors (4096K)
 Metaspace       used 24050K, capacity 24703K, committed 25008K, reserved 1071104K
  class space    used 2552K, capacity 2758K, committed 2816K, reserved 1048576K
}
Event: 3.218 GC heap before
{Heap before GC invocations=7 (full 0):
 garbage-first heap   total 61440K, used 42841K [0x0000000702800000, 0x0000000800000000)
  region size 2048K, 11 young (22528K), 2 survivors (4096K)
 Metaspace       used 24082K, capacity 24703K, committed 25008K, reserved 1071104K
  class space    used 2552K, capacity 2758K, committed 2816K, reserved 1048576K
}
Event: 3.223 GC heap after
{Heap after GC invocations=8 (full 0):
 garbage-first heap   total 61440K, used 25516K [0x0000000702800000, 0x0000000800000000)
  region size 2048K, 1 young (2048K), 1 survivors (2048K)
 Metaspace       used 24082K, capacity 24703K, committed 25008K, reserved 1071104K
  class space    used 2552K, capacity 2758K, committed 2816K, reserved 1048576K
}
Event: 3.282 GC heap before
{Heap before GC invocations=8 (full 0):
 garbage-first heap   total 61440K, used 43948K [0x0000000702800000, 0x0000000800000000)
  region size 2048K, 10 young (20480K), 1 survivors (2048K)
 Metaspace       used 24101K, capacity 24773K, committed 25008K, reserved 1071104K
  class space    used 2555K, capacity 2760K, committed 2816K, reserved 1048576K
}
Event: 3.288 GC heap after
{Heap after GC invocations=9 (full 0):
 garbage-first heap   total 161792K, used 27265K [0x0000000702800000, 0x0000000800000000)
  region size 2048K, 2 young (4096K), 2 survivors (4096K)
 Metaspace       used 24101K, capacity 24773K, committed 25008K, reserved 1071104K
  class space    used 2555K, capacity 2760K, committed 2816K, reserved 1048576K
}
Event: 3.556 GC heap before
{Heap before GC invocations=9 (full 0):
 garbage-first heap   total 161792K, used 119425K [0x0000000702800000, 0x0000000800000000)
  region size 2048K, 47 young (96256K), 2 survivors (4096K)
 Metaspace       used 24113K, capacity 24773K, committed 25008K, reserved 1071104K
  class space    used 2555K, capacity 2760K, committed 2816K, reserved 1048576K
}
Event: 3.561 GC heap after
{Heap after GC invocations=10 (full 0):
 garbage-first heap   total 161792K, used 30150K [0x0000000702800000, 0x0000000800000000)
  region size 2048K, 4 young (8192K), 4 survivors (8192K)
 Metaspace       used 24113K, capacity 24773K, committed 25008K, reserved 1071104K
  class space    used 2555K, capacity 2760K, committed 2816K, reserved 1048576K
}
Event: 3.784 GC heap before
{Heap before GC invocations=10 (full 0):
 garbage-first heap   total 161792K, used 118214K [0x0000000702800000, 0x0000000800000000)
  region size 2048K, 47 young (96256K), 4 survivors (8192K)
 Metaspace       used 24126K, capacity 24839K, committed 25008K, reserved 1071104K
  class space    used 2555K, capacity 2762K, committed 2816K, reserved 1048576K
}
Event: 3.789 GC heap after
{Heap after GC invocations=11 (full 0):
 garbage-first heap   total 161792K, used 31362K [0x0000000702800000, 0x0000000800000000)
  region size 2048K, 4 young (8192K), 4 survivors (8192K)
 Metaspace       used 24126K, capacity 24839K, committed 25008K, reserved 1071104K
  class space    used 2555K, capacity 2762K, committed 2816K, reserved 1048576K
}
Event: 4.040 GC heap before
{Heap before GC invocations=11 (full 0):
 garbage-first heap   total 161792K, used 119426K [0x0000000702800000, 0x0000000800000000)
  region size 2048K, 47 young (96256K), 4 survivors (8192K)
 Metaspace       used 24142K, capacity 24839K, committed 25008K, reserved 1071104K
  class space    used 2557K, capacity 2762K, committed 2816K, reserved 1048576K
}
Event: 4.045 GC heap after
{Heap after GC invocations=12 (full 0):
 garbage-first heap   total 161792K, used 32227K [0x0000000702800000, 0x0000000800000000)
  region size 2048K, 3 young (6144K), 3 survivors (6144K)
 Metaspace       used 24142K, capacity 24839K, committed 25008K, reserved 1071104K
  class space    used 2557K, capacity 2762K, committed 2816K, reserved 1048576K
}
Event: 4.287 GC heap before
{Heap before GC invocations=12 (full 0):
 garbage-first heap   total 161792K, used 122339K [0x0000000702800000, 0x0000000800000000)
  region size 2048K, 47 young (96256K), 3 survivors (6144K)
 Metaspace       used 24150K, capacity 24839K, committed 25008K, reserved 1071104K
  class space    used 2557K, capacity 2762K, committed 2816K, reserved 1048576K
}

Deoptimization events (20 events):
Event: 3.635 Thread 0x000001ab25acdb10 DEOPT PACKING pc=0x000001ab087bac09 sp=0x00000038033fe840
Event: 3.635 Thread 0x000001ab25acdb10 DEOPT UNPACKING pc=0x000001ab081ae23f sp=0x00000038033fdcf0 mode 0
Event: 3.708 Thread 0x000001ab25acdb10 Uncommon trap: trap_request=0x0000002d fr.pc=0x000001ab0ff0d6f0 relative=0x000000000000ce50
Event: 3.708 Thread 0x000001ab25acdb10 Uncommon trap: reason=unloaded action=reinterpret pc=0x000001ab0ff0d6f0 method=org.apache.tomcat.util.bcel.classfile.Attribute.readAttribute(Ljava/io/DataInputStream;Lorg/apache/tomcat/util/bcel/classfile/ConstantPool;)Lorg/apache/tomcat/util/bcel/classfi
Event: 3.708 Thread 0x000001ab25acdb10 DEOPT PACKING pc=0x000001ab0ff0d6f0 sp=0x00000038033fe570
Event: 3.708 Thread 0x000001ab25acdb10 DEOPT UNPACKING pc=0x000001ab081ae42f sp=0x00000038033fe558 mode 2
Event: 3.773 Thread 0x000001ab25acdb10 DEOPT PACKING pc=0x000001ab087bac09 sp=0x00000038033fe840
Event: 3.773 Thread 0x000001ab25acdb10 DEOPT UNPACKING pc=0x000001ab081ae23f sp=0x00000038033fdcf0 mode 0
Event: 3.795 Thread 0x000001ab25acdb10 Uncommon trap: trap_request=0xffffff45 fr.pc=0x000001ab0ff4b9d0 relative=0x0000000000004450
Event: 3.795 Thread 0x000001ab25acdb10 Uncommon trap: reason=unstable_if action=reinterpret pc=0x000001ab0ff4b9d0 method=org.apache.catalina.startup.ContextConfig.processAnnotationsStream(Ljava/io/InputStream;Lorg/apache/catalina/deploy/WebXml;Z)V @ 25 c2
Event: 3.795 Thread 0x000001ab25acdb10 DEOPT PACKING pc=0x000001ab0ff4b9d0 sp=0x00000038033feb10
Event: 3.795 Thread 0x000001ab25acdb10 DEOPT UNPACKING pc=0x000001ab081ae42f sp=0x00000038033fead8 mode 2
Event: 3.937 Thread 0x000001ab25acdb10 Uncommon trap: trap_request=0xffffff45 fr.pc=0x000001ab0ff55560 relative=0x0000000000005680
Event: 3.937 Thread 0x000001ab25acdb10 Uncommon trap: reason=unstable_if action=reinterpret pc=0x000001ab0ff55560 method=org.apache.catalina.startup.ContextConfig.getSCIsForClass(Ljava/lang/String;)Ljava/util/Set; @ 62 c2
Event: 3.937 Thread 0x000001ab25acdb10 DEOPT PACKING pc=0x000001ab0ff55560 sp=0x00000038033fe890
Event: 3.937 Thread 0x000001ab25acdb10 DEOPT UNPACKING pc=0x000001ab081ae42f sp=0x00000038033fe818 mode 2
Event: 4.268 Thread 0x000001ab25acdb10 Uncommon trap: trap_request=0xffffff45 fr.pc=0x000001ab0ff7fb08 relative=0x0000000000007268
Event: 4.268 Thread 0x000001ab25acdb10 Uncommon trap: reason=unstable_if action=reinterpret pc=0x000001ab0ff7fb08 method=org.apache.catalina.startup.ContextConfig.populateJavaClassCache(Ljava/lang/String;)V @ 61 c2
Event: 4.268 Thread 0x000001ab25acdb10 DEOPT PACKING pc=0x000001ab0ff7fb08 sp=0x00000038033fe9d0
Event: 4.268 Thread 0x000001ab25acdb10 DEOPT UNPACKING pc=0x000001ab081ae42f sp=0x00000038033fe8e0 mode 2

Classes unloaded (0 events):
No events

Classes redefined (0 events):
No events

Internal exceptions (20 events):
Event: 0.313 Thread 0x000001ab7fd5d3d0 Exception <a 'java/lang/NoSuchMethodError'{0x0000000711b5a860}: 'void java.lang.invoke.DirectMethodHandle$Holder.invokeSpecial(java.lang.Object, java.lang.Object, java.lang.Object)'> (0x0000000711b5a860) 
thrown [./open/src/hotspot/share/interpreter/linkResolver.cpp, line 782]
Event: 0.382 Thread 0x000001ab7fd5d3d0 Exception <a 'java/lang/NoSuchMethodError'{0x000000071142d9d0}: 'java.lang.Object java.lang.invoke.DirectMethodHandle$Holder.newInvokeSpecial(java.lang.Object, java.lang.Object, java.lang.Object, java.lang.Object, java.lang.Object)'> (0x000000071142d9d0) 
thrown [./open/src/hotspot/share/interpreter/linkResolver.cpp, line 782]
Event: 0.767 Thread 0x000001ab7fd5d3d0 Exception <a 'java/lang/NoClassDefFoundError'{0x0000000711e9ded0}: com/google/inject/servlet/ServletModuleTargetVisitor> (0x0000000711e9ded0) 
thrown [./open/src/hotspot/share/classfile/systemDictionary.cpp, line 284]
Event: 0.767 Thread 0x000001ab7fd5d3d0 Exception <a 'java/lang/NoClassDefFoundError'{0x0000000711e9f7a0}: javax/annotation/Priority> (0x0000000711e9f7a0) 
thrown [./open/src/hotspot/share/classfile/systemDictionary.cpp, line 284]
Event: 1.038 Thread 0x000001ab248558f0 Exception <a 'java/lang/NoSuchMethodError'{0x0000000710d525e8}: 'java.lang.Object java.lang.invoke.DirectMethodHandle$Holder.invokeStaticInit(java.lang.Object, int)'> (0x0000000710d525e8) 
thrown [./open/src/hotspot/share/interpreter/linkResolver.cpp, line 782]
Event: 1.044 Thread 0x000001ab7fd5d3d0 Implicit null exception at 0x000001ab0fd3125e to 0x000001ab0fd32677
Event: 1.044 Thread 0x000001ab7fd5d3d0 Implicit null exception at 0x000001ab0fcdeced to 0x000001ab0fcdf058
Event: 1.044 Thread 0x000001ab7fd5d3d0 Implicit null exception at 0x000001ab0fc8012f to 0x000001ab0fc801a9
Event: 1.406 Thread 0x000001ab7fd5d3d0 Implicit null exception at 0x000001ab0fd9c29e to 0x000001ab0fd9c5b6
Event: 1.406 Thread 0x000001ab7fd5d3d0 Implicit null exception at 0x000001ab0fca98ed to 0x000001ab0fca9c40
Event: 2.688 Thread 0x000001ab7fd5d3d0 Exception <a 'java/lang/NoSuchMethodError'{0x000000071215d350}: 'java.lang.Object java.lang.invoke.DirectMethodHandle$Holder.invokeInterface(java.lang.Object, java.lang.Object)'> (0x000000071215d350) 
thrown [./open/src/hotspot/share/interpreter/linkResolver.cpp, line 782]
Event: 2.697 Thread 0x000001ab7fd5d3d0 Exception <a 'java/io/FileNotFoundException'{0x0000000711e70248}> (0x0000000711e70248) 
thrown [./open/src/hotspot/share/prims/jni.cpp, line 578]
Event: 2.769 Thread 0x000001ab7fd5d3d0 Exception <a 'java/lang/NoSuchMethodError'{0x0000000711620450}: 'java.lang.Object java.lang.invoke.DirectMethodHandle$Holder.invokeStaticInit(java.lang.Object, java.lang.Object, java.lang.Object)'> (0x0000000711620450) 
thrown [./open/src/hotspot/share/interpreter/linkResolver.cpp, line 782]
Event: 2.770 Thread 0x000001ab7fd5d3d0 Exception <a 'java/lang/NoSuchMethodError'{0x000000071163d3f0}: 'int java.lang.invoke.DirectMethodHandle$Holder.invokeInterface(java.lang.Object, java.lang.Object)'> (0x000000071163d3f0) 
thrown [./open/src/hotspot/share/interpreter/linkResolver.cpp, line 782]
Event: 2.771 Thread 0x000001ab7fd5d3d0 Exception <a 'java/lang/IncompatibleClassChangeError'{0x0000000711640e90}: Found class java.lang.Object, but interface was expected> (0x0000000711640e90) 
thrown [./open/src/hotspot/share/interpreter/linkResolver.cpp, line 848]
Event: 2.786 Thread 0x000001ab7fd5d3d0 Exception <a 'java/lang/NoSuchMethodError'{0x00000007116d23f8}: 'int java.lang.invoke.DirectMethodHandle$Holder.invokeSpecial(java.lang.Object, java.lang.Object, java.lang.Object)'> (0x00000007116d23f8) 
thrown [./open/src/hotspot/share/interpreter/linkResolver.cpp, line 782]
Event: 2.797 Thread 0x000001ab7fd5d3d0 Exception <a 'java/lang/NoSuchMethodError'{0x00000007117742a0}: 'void java.lang.invoke.DirectMethodHandle$Holder.invokeStatic(java.lang.Object, java.lang.Object, java.lang.Object)'> (0x00000007117742a0) 
thrown [./open/src/hotspot/share/interpreter/linkResolver.cpp, line 782]
Event: 2.919 Thread 0x000001ab7fd5d3d0 Exception <a 'java/lang/ClassNotFoundException'{0x00000007050335a8}: sun/util/logging/resources/spi/loggingProvider> (0x00000007050335a8) 
thrown [./open/src/hotspot/share/classfile/systemDictionary.cpp, line 295]
Event: 3.076 Thread 0x000001ab25acdb10 Implicit null exception at 0x000001ab0fe4f0f1 to 0x000001ab0fe4f8f4
Event: 4.268 Thread 0x000001ab25acdb10 Implicit null exception at 0x000001ab0ff792bb to 0x000001ab0ff7fae4

Events (20 events):
Event: 3.075 loading class java/util/zip/ZipFile$ZipEntryIterator done
Event: 3.154 Executing VM operation: G1CollectForAllocation
Event: 3.158 Executing VM operation: G1CollectForAllocation done
Event: 3.218 Executing VM operation: G1CollectForAllocation
Event: 3.223 Executing VM operation: G1CollectForAllocation done
Event: 3.223 Executing VM operation: HandshakeAllThreads
Event: 3.223 Executing VM operation: HandshakeAllThreads done
Event: 3.282 Executing VM operation: G1CollectForAllocation
Event: 3.288 Executing VM operation: G1CollectForAllocation done
Event: 3.556 Executing VM operation: G1CollectForAllocation
Event: 3.561 Executing VM operation: G1CollectForAllocation done
Event: 3.561 Executing VM operation: HandshakeAllThreads
Event: 3.561 Executing VM operation: HandshakeAllThreads done
Event: 3.784 Executing VM operation: G1CollectForAllocation
Event: 3.789 Executing VM operation: G1CollectForAllocation done
Event: 3.789 Executing VM operation: HandshakeAllThreads
Event: 3.789 Executing VM operation: HandshakeAllThreads done
Event: 4.040 Executing VM operation: G1CollectForAllocation
Event: 4.045 Executing VM operation: G1CollectForAllocation done
Event: 4.287 Executing VM operation: G1CollectForAllocation


Dynamic libraries:
0x00007ff611f80000 - 0x00007ff611f8f000 	D:\Program Files\Java\bin\java.exe
0x00007ffbffc10000 - 0x00007ffbffe05000 	C:\windows\SYSTEM32\ntdll.dll
0x00007ffbfe290000 - 0x00007ffbfe34e000 	C:\windows\System32\KERNEL32.DLL
0x00007ffbfd570000 - 0x00007ffbfd838000 	C:\windows\System32\KERNELBASE.dll
0x00007ffbfd9d0000 - 0x00007ffbfdad0000 	C:\windows\System32\ucrtbase.dll
0x00007ffbde0b0000 - 0x00007ffbde0c8000 	D:\Program Files\Java\bin\jli.dll
0x00007ffbe6ce0000 - 0x00007ffbe6cf9000 	D:\Program Files\Java\bin\VCRUNTIME140.dll
0x00007ffbfeea0000 - 0x00007ffbfef4c000 	C:\windows\System32\ADVAPI32.dll
0x00007ffbff030000 - 0x00007ffbff0ce000 	C:\windows\System32\msvcrt.dll
0x00007ffbffad0000 - 0x00007ffbffb6b000 	C:\windows\System32\sechost.dll
0x00007ffbff0d0000 - 0x00007ffbff1fa000 	C:\windows\System32\RPCRT4.dll
0x00007ffbfe460000 - 0x00007ffbfe601000 	C:\windows\System32\USER32.dll
0x00007ffbfd840000 - 0x00007ffbfd862000 	C:\windows\System32\win32u.dll
0x00007ffbfe9f0000 - 0x00007ffbfea1b000 	C:\windows\System32\GDI32.dll
0x00007ffbdc090000 - 0x00007ffbdc32a000 	C:\windows\WinSxS\amd64_microsoft.windows.common-controls_6595b64144ccf1df_6.0.19041.1110_none_60b5254171f9507e\COMCTL32.dll
0x00007ffbfd460000 - 0x00007ffbfd56b000 	C:\windows\System32\gdi32full.dll
0x00007ffbfd330000 - 0x00007ffbfd3cd000 	C:\windows\System32\msvcp_win.dll
0x00007ffbf4120000 - 0x00007ffbf412a000 	C:\windows\SYSTEM32\VERSION.dll
0x00007ffbfe8e0000 - 0x00007ffbfe910000 	C:\windows\System32\IMM32.DLL
0x00007ffbe43f0000 - 0x00007ffbe43fc000 	D:\Program Files\Java\bin\vcruntime140_1.dll
0x00007ffbbb7a0000 - 0x00007ffbbb831000 	D:\Program Files\Java\bin\msvcp140.dll
0x00007ffb91d40000 - 0x00007ffb9289e000 	D:\Program Files\Java\bin\server\jvm.dll
0x00007ffbfe810000 - 0x00007ffbfe818000 	C:\windows\System32\PSAPI.DLL
0x00007ffbe6fb0000 - 0x00007ffbe6fb9000 	C:\windows\SYSTEM32\WSOCK32.dll
0x00007ffbe9630000 - 0x00007ffbe9657000 	C:\windows\SYSTEM32\WINMM.dll
0x00007ffbfe980000 - 0x00007ffbfe9eb000 	C:\windows\System32\WS2_32.dll
0x00007ffbfbbe0000 - 0x00007ffbfbbf2000 	C:\windows\SYSTEM32\kernel.appcore.dll
0x00007ffbde0a0000 - 0x00007ffbde0aa000 	D:\Program Files\Java\bin\jimage.dll
0x00007ffbf7f90000 - 0x00007ffbf8174000 	C:\windows\SYSTEM32\DBGHELP.DLL
0x00007ffbd8130000 - 0x00007ffbd815c000 	C:\windows\SYSTEM32\dbgcore.DLL
0x00007ffbfd3d0000 - 0x00007ffbfd453000 	C:\windows\System32\bcryptPrimitives.dll
0x00007ffbddee0000 - 0x00007ffbddeee000 	D:\Program Files\Java\bin\instrument.dll
0x00007ffbd3fb0000 - 0x00007ffbd3fd5000 	D:\Program Files\Java\bin\java.dll
0x00007ffbff2e0000 - 0x00007ffbffa1f000 	C:\windows\System32\SHELL32.dll
0x00007ffbf83b0000 - 0x00007ffbf8b40000 	C:\windows\SYSTEM32\windows.storage.dll
0x00007ffbfeb40000 - 0x00007ffbfee95000 	C:\windows\System32\combase.dll
0x00007ffbfcd80000 - 0x00007ffbfcdae000 	C:\windows\SYSTEM32\Wldp.dll
0x00007ffbffa20000 - 0x00007ffbffacd000 	C:\windows\System32\SHCORE.dll
0x00007ffbfe920000 - 0x00007ffbfe975000 	C:\windows\System32\shlwapi.dll
0x00007ffbfd270000 - 0x00007ffbfd28f000 	C:\windows\SYSTEM32\profapi.dll
0x00007ffbdb800000 - 0x00007ffbdb818000 	D:\Program Files\Java\bin\zip.dll
0x00007ffbdb060000 - 0x00007ffbdb079000 	D:\Program Files\Java\bin\net.dll
0x00007ffbef840000 - 0x00007ffbef94c000 	C:\windows\SYSTEM32\WINHTTP.dll
0x00007ffbd9010000 - 0x00007ffbd92e5000 	C:\Windows\Netease\Booster\lsp64.dll
0x00007ffbfd870000 - 0x00007ffbfd9c6000 	C:\windows\System32\CRYPT32.dll
0x00007ffbfc780000 - 0x00007ffbfc7bb000 	C:\windows\SYSTEM32\IPHLPAPI.DLL
0x00007ffbfcae0000 - 0x00007ffbfcb4a000 	C:\windows\system32\mswsock.dll
0x00007ffbfdad0000 - 0x00007ffbfdb30000 	C:\windows\System32\WINTRUST.DLL
0x00007ffbfcf10000 - 0x00007ffbfcf22000 	C:\windows\SYSTEM32\MSASN1.dll
0x00007ffbfe820000 - 0x00007ffbfe83d000 	C:\windows\System32\imagehlp.dll
0x00007ffbfcce0000 - 0x00007ffbfccf8000 	C:\windows\SYSTEM32\CRYPTSP.dll
0x00007ffbfc3f0000 - 0x00007ffbfc424000 	C:\windows\system32\rsaenh.dll
0x00007ffbfdc30000 - 0x00007ffbfdc57000 	C:\windows\System32\bcrypt.dll
0x00007ffbfccd0000 - 0x00007ffbfccdc000 	C:\windows\SYSTEM32\CRYPTBASE.dll
0x00007ffbd3f90000 - 0x00007ffbd3fa2000 	D:\Program Files\Java\bin\nio.dll
0x00007ffbdab10000 - 0x00007ffbdab20000 	D:\Program Files\Java\bin\verify.dll
0x00007ffbd3f70000 - 0x00007ffbd3f8a000 	D:\Program Files\IDEA\IntelliJ IDEA 2020.1\bin\breakgen64.dll
0x00007ffbfd1f0000 - 0x00007ffbfd21e000 	C:\windows\SYSTEM32\USERENV.dll
0x00007ffbfe910000 - 0x00007ffbfe918000 	C:\windows\System32\NSI.dll
0x00007ffbf3eb0000 - 0x00007ffbf3ec7000 	C:\windows\SYSTEM32\dhcpcsvc6.DLL
0x00007ffbf3490000 - 0x00007ffbf34ad000 	C:\windows\SYSTEM32\dhcpcsvc.DLL
0x00007ffbfc820000 - 0x00007ffbfc8eb000 	C:\windows\SYSTEM32\DNSAPI.dll
0x00007ffbcd490000 - 0x00007ffbcd49a000 	C:\Users\23844\AppData\Local\Temp\jansi-1.17.1-4288662059615073963.dll
0x00007ffbc5a10000 - 0x00007ffbc5a1a000 	C:\Users\23844\AppData\Local\Temp\jansi-1.17.1-12868717618900460930.dll
0x00007ffbd34c0000 - 0x00007ffbd34c9000 	D:\Program Files\Java\bin\management.dll
0x00007ffbcf090000 - 0x00007ffbcf09b000 	D:\Program Files\Java\bin\management_ext.dll

dbghelp: loaded successfully - version: 4.0.5 - missing functions: none
symbol engine: initialized successfully - sym options: 0x614 - pdb path: .;D:\Program Files\Java\bin;C:\windows\SYSTEM32;C:\windows\WinSxS\amd64_microsoft.windows.common-controls_6595b64144ccf1df_6.0.19041.1110_none_60b5254171f9507e;D:\Program Files\Java\bin\server;C:\Windows\Netease\Booster;D:\Program Files\IDEA\IntelliJ IDEA 2020.1\bin;C:\Users\23844\AppData\Local\Temp

VM Arguments:
jvm_args: -Dmaven.multiModuleProjectDirectory=D:\cast_healthy\health_mobile -DarchetypeCatalog=internal -Dmaven.home=E:\soft\apache-maven-3.6.3 -Dclassworlds.conf=E:\soft\apache-maven-3.6.3\bin\m2.conf -Dmaven.ext.class.path=D:\Program Files\IDEA\IntelliJ IDEA 2020.1\plugins\maven\lib\maven-event-listener.jar -javaagent:D:\Program Files\IDEA\IntelliJ IDEA 2020.1\lib\idea_rt.jar=54276:D:\Program Files\IDEA\IntelliJ IDEA 2020.1\bin -Dfile.encoding=UTF-8 
java_command: org.codehaus.classworlds.Launcher -Didea.version2020.1 -s E:\maven\settings.xml -Dmaven.repo.local=E:\下载\软件\4.阶段四-传智健康\day01\资源\repository_boot tomcat7:run
java_class_path (initial): E:\soft\apache-maven-3.6.3\boot\plexus-classworlds-2.6.0.jar;E:\soft\apache-maven-3.6.3\boot\plexus-classworlds.license
Launcher Type: SUN_STANDARD

[Global flags]
     intx CICompilerCount                          = 4                                         {product} {ergonomic}
     uint ConcGCThreads                            = 3                                         {product} {ergonomic}
     uint G1ConcRefinementThreads                  = 10                                        {product} {ergonomic}
   size_t G1HeapRegionSize                         = 2097152                                   {product} {ergonomic}
    uintx GCDrainStackTargetSize                   = 64                                        {product} {ergonomic}
   size_t InitialHeapSize                          = 266338304                                 {product} {ergonomic}
   size_t MarkStackSize                            = 4194304                                   {product} {ergonomic}
   size_t MaxHeapSize                              = 4253024256                                {product} {ergonomic}
   size_t MaxNewSize                               = 2550136832                                {product} {ergonomic}
   size_t MinHeapDeltaBytes                        = 2097152                                   {product} {ergonomic}
   size_t MinHeapSize                              = 8388608                                   {product} {ergonomic}
    uintx NonNMethodCodeHeapSize                   = 5839372                                {pd product} {ergonomic}
    uintx NonProfiledCodeHeapSize                  = 122909434                              {pd product} {ergonomic}
    uintx ProfiledCodeHeapSize                     = 122909434                              {pd product} {ergonomic}
    uintx ReservedCodeCacheSize                    = 251658240                              {pd product} {ergonomic}
     bool SegmentedCodeCache                       = true                                      {product} {ergonomic}
   size_t SoftMaxHeapSize                          = 4253024256                             {manageable} {ergonomic}
     bool UseCompressedClassPointers               = true                                 {lp64_product} {ergonomic}
     bool UseCompressedOops                        = true                                 {lp64_product} {ergonomic}
     bool UseG1GC                                  = true                                      {product} {ergonomic}
     bool UseLargePagesIndividualAllocation        = false                                  {pd product} {ergonomic}

Logging:
Log output configuration:
 #0: stdout all=warning uptime,level,tags
 #1: stderr all=off uptime,level,tags

Environment Variables:
JAVA_HOME=C:\Program Files\Java\jdk1.8.0_131
PATH=C:\Program Files\Java\jdk1.8.0_131\bin;C:\Program Files\Common Files\Oracle\Java\javapath;C:\windows\system32;C:\windows;C:\windows\System32\Wbem;C:\windows\System32\WindowsPowerShell\v1.0\;C:\windows\System32\OpenSSH\;C:\Program Files (x86)\NVIDIA Corporation\PhysX\Common;C:\Program Files\NVIDIA Corporation\NVIDIA NvDLISR;D:\Program Files\Tools\bin;E:\soft\apache-maven-3.6.3\bin;D:\Program Files\Tools\Git\cmd;D:\lean\tools\bin;C:\Program Files\VanDyke Software\Clients\;E:\new\;C:\Users\23844\AppData\Local\Microsoft\WindowsApps;C:\Program Files\Bandizip\;D:\Program Files\Tools\Microsoft VS Code\bin;C:\Users\23844\AppData\Roaming\npm;
USERNAME=23844
OS=Windows_NT
PROCESSOR_IDENTIFIER=Intel64 Family 6 Model 165 Stepping 2, GenuineIntel



---------------  S Y S T E M  ---------------

OS:
 Windows 10 , 64 bit Build 19041 (10.0.19041.1348)
OS uptime: 5 days 10:38 hours

CPU: total 12 (initial active 12) (6 cores per cpu, 2 threads per core) family 6 model 165 stepping 2 microcode 0xc8, cmov, cx8, fxsr, mmx, sse, sse2, sse3, ssse3, sse4.1, sse4.2, popcnt, vzeroupper, avx, avx2, aes, clmul, erms, 3dnowpref, lzcnt, ht, tsc, tscinvbit, bmi1, bmi2, adx, fma, clflush, clflushopt

Memory: 4k page, system-wide physical 16222M (2684M free)
TotalPageFile size 38761M (AvailPageFile size 33M)
current process WorkingSet (physical memory assigned to process): 357M, peak: 359M
current process commit charge ("private bytes"): 420M, peak: 454M

vm_info: Java HotSpot(TM) 64-Bit Server VM (15.0.1+9-18) for windows-amd64 JRE (15.0.1+9-18), built on Sep 15 2020 14:43:54 by "mach5one" with unknown MS VC++:1925

END.
